{"uuid":"64ff6bbe-1ae8-4ecf-ab33-8a91097b8cc0","historyId":"a3dc80ec68816bb459abb7259d5ee73","fullName":"pagestest.Login.Login_test_with_Invalid_data_test","labels":[{"name":"package","value":"pagestest.Login"},{"name":"testClass","value":"pagestest.Login"},{"name":"testMethod","value":"Login_test_with_Invalid_data_test"},{"name":"parentSuite","value":"Default suite"},{"name":"suite","value":"Default test"},{"name":"subSuite","value":"pagestest.Login"},{"name":"host","value":"DESKTOP-L755MN9"},{"name":"thread","value":"1940@DESKTOP-L755MN9.main(1)"},{"name":"framework","value":"testng"},{"name":"language","value":"java"}],"links":[],"name":"Login_test_with_Invalid_data_test","status":"broken","statusDetails":{"known":false,"muted":false,"flaky":false,"message":"Expected condition failed: waiting for visibility of Proxy element for: DefaultElementLocator 'By.xpath: //*[text()=\"Invalid credentials\"]' (tried for 10 second(s) with 500 milliseconds interval)","trace":"org.openqa.selenium.TimeoutException: Expected condition failed: waiting for visibility of Proxy element for: DefaultElementLocator 'By.xpath: //*[text()=\"Invalid credentials\"]' (tried for 10 second(s) with 500 milliseconds interval)\r\n\tat org.openqa.selenium.support.ui.WebDriverWait.timeoutException(WebDriverWait.java:84)\r\n\tat org.openqa.selenium.support.ui.FluentWait.until(FluentWait.java:230)\r\n\tat utils.CommonUtils.Is_Displayed(CommonUtils.java:652)\r\n\tat pages.Login_Page.Login_test_with_Invalid_data(Login_Page.java:55)\r\n\tat pagestest.Login.Login_test_with_Invalid_data_test(Login.java:32)\r\n\tat java.base/jdk.internal.reflect.DirectMethodHandleAccessor.invoke(DirectMethodHandleAccessor.java:103)\r\n\tat java.base/java.lang.reflect.Method.invoke(Method.java:580)\r\n\tat org.testng.internal.MethodInvocationHelper.invokeMethod(MethodInvocationHelper.java:133)\r\n\tat org.testng.internal.TestInvoker.invokeMethod(TestInvoker.java:598)\r\n\tat org.testng.internal.TestInvoker.invokeTestMethod(TestInvoker.java:173)\r\n\tat org.testng.internal.MethodRunner.runInSequence(MethodRunner.java:46)\r\n\tat org.testng.internal.TestInvoker$MethodInvocationAgent.invoke(TestInvoker.java:824)\r\n\tat org.testng.internal.TestInvoker.invokeTestMethods(TestInvoker.java:146)\r\n\tat org.testng.internal.TestMethodWorker.invokeTestMethods(TestMethodWorker.java:146)\r\n\tat org.testng.internal.TestMethodWorker.run(TestMethodWorker.java:128)\r\n\tat java.base/java.util.ArrayList.forEach(ArrayList.java:1596)\r\n\tat org.testng.TestRunner.privateRun(TestRunner.java:794)\r\n\tat org.testng.TestRunner.run(TestRunner.java:596)\r\n\tat org.testng.SuiteRunner.runTest(SuiteRunner.java:377)\r\n\tat org.testng.SuiteRunner.runSequentially(SuiteRunner.java:371)\r\n\tat org.testng.SuiteRunner.privateRun(SuiteRunner.java:332)\r\n\tat org.testng.SuiteRunner.run(SuiteRunner.java:276)\r\n\tat org.testng.SuiteRunnerWorker.runSuite(SuiteRunnerWorker.java:53)\r\n\tat org.testng.SuiteRunnerWorker.run(SuiteRunnerWorker.java:96)\r\n\tat org.testng.TestNG.runSuitesSequentially(TestNG.java:1212)\r\n\tat org.testng.TestNG.runSuitesLocally(TestNG.java:1134)\r\n\tat org.testng.TestNG.runSuites(TestNG.java:1063)\r\n\tat org.testng.TestNG.run(TestNG.java:1031)\r\n\tat org.testng.remote.AbstractRemoteTestNG.run(AbstractRemoteTestNG.java:115)\r\n\tat org.testng.remote.RemoteTestNG.initAndRun(RemoteTestNG.java:293)\r\n\tat org.testng.remote.RemoteTestNG.main(RemoteTestNG.java:91)\r\nCaused by: org.openqa.selenium.NoSuchElementException: no such element: Unable to locate element: {\"method\":\"xpath\",\"selector\":\"//*[text()=\"Invalid credentials\"]\"}\n  (Session info: chrome=133.0.6943.142)\nFor documentation on this error, please visit: https://www.selenium.dev/documentation/webdriver/troubleshooting/errors#no-such-element-exception\nBuild info: version: '4.13.0', revision: 'ba948ece5b*'\nSystem info: os.name: 'Windows 11', os.arch: 'amd64', os.version: '10.0', java.version: '21.0.6'\nDriver info: org.openqa.selenium.chrome.ChromeDriver\nCommand: [b80cd3ad8196a41052dc3967c951a773, findElement {using=xpath, value=//*[text()=\"Invalid credentials\"]}]\nCapabilities {acceptInsecureCerts: false, browserName: chrome, browserVersion: 133.0.6943.142, chrome: {chromedriverVersion: 133.0.6943.141 (2a5d6da0d61..., userDataDir: C:\\Users\\Lenovo\\AppData\\Loc...}, fedcm:accounts: true, goog:chromeOptions: {debuggerAddress: localhost:49835}, networkConnectionEnabled: false, pageLoadStrategy: normal, platformName: windows, proxy: Proxy(), se:cdp: ws://localhost:49835/devtoo..., se:cdpVersion: 133.0.6943.142, setWindowRect: true, strictFileInteractability: false, timeouts: {implicit: 0, pageLoad: 300000, script: 30000}, unhandledPromptBehavior: dismiss and notify, webauthn:extension:credBlob: true, webauthn:extension:largeBlob: true, webauthn:extension:minPinLength: true, webauthn:extension:prf: true, webauthn:virtualAuthenticators: true}\nSession ID: b80cd3ad8196a41052dc3967c951a773\r\n\tat java.base/jdk.internal.reflect.DirectConstructorHandleAccessor.newInstance(DirectConstructorHandleAccessor.java:62)\r\n\tat java.base/java.lang.reflect.Constructor.newInstanceWithCaller(Constructor.java:502)\r\n\tat java.base/java.lang.reflect.Constructor.newInstance(Constructor.java:486)\r\n\tat org.openqa.selenium.remote.codec.w3c.W3CHttpResponseCodec.createException(W3CHttpResponseCodec.java:200)\r\n\tat org.openqa.selenium.remote.codec.w3c.W3CHttpResponseCodec.decode(W3CHttpResponseCodec.java:133)\r\n\tat org.openqa.selenium.remote.codec.w3c.W3CHttpResponseCodec.decode(W3CHttpResponseCodec.java:52)\r\n\tat org.openqa.selenium.remote.HttpCommandExecutor.execute(HttpCommandExecutor.java:191)\r\n\tat org.openqa.selenium.remote.service.DriverCommandExecutor.invokeExecute(DriverCommandExecutor.java:196)\r\n\tat org.openqa.selenium.remote.service.DriverCommandExecutor.execute(DriverCommandExecutor.java:171)\r\n\tat org.openqa.selenium.remote.RemoteWebDriver.execute(RemoteWebDriver.java:602)\r\n\tat org.openqa.selenium.remote.ElementLocation$ElementFinder$2.findElement(ElementLocation.java:165)\r\n\tat org.openqa.selenium.remote.ElementLocation.findElement(ElementLocation.java:59)\r\n\tat org.openqa.selenium.remote.RemoteWebDriver.findElement(RemoteWebDriver.java:359)\r\n\tat org.openqa.selenium.remote.RemoteWebDriver.findElement(RemoteWebDriver.java:353)\r\n\tat org.openqa.selenium.support.pagefactory.DefaultElementLocator.findElement(DefaultElementLocator.java:68)\r\n\tat org.openqa.selenium.support.pagefactory.internal.LocatingElementHandler.invoke(LocatingElementHandler.java:38)\r\n\tat jdk.proxy2/jdk.proxy2.$Proxy34.isDisplayed(Unknown Source)\r\n\tat org.openqa.selenium.support.ui.ExpectedConditions.elementIfVisible(ExpectedConditions.java:304)\r\n\tat org.openqa.selenium.support.ui.ExpectedConditions.access$000(ExpectedConditions.java:37)\r\n\tat org.openqa.selenium.support.ui.ExpectedConditions$10.apply(ExpectedConditions.java:290)\r\n\tat org.openqa.selenium.support.ui.ExpectedConditions$10.apply(ExpectedConditions.java:287)\r\n\tat org.openqa.selenium.support.ui.FluentWait.until(FluentWait.java:205)\r\n\t... 29 more\r\n"},"stage":"finished","steps":[{"name":"Invalid Login Test Started","status":"passed","stage":"finished","steps":[],"attachments":[],"parameters":[],"start":1741194725968,"stop":1741194725968},{"name":"Generating random number with 6 digits","status":"passed","stage":"finished","steps":[],"attachments":[],"parameters":[],"start":1741194725969,"stop":1741194725969},{"name":"Generated random number: 475859","status":"passed","stage":"finished","steps":[],"attachments":[],"parameters":[],"start":1741194725989,"stop":1741194725989},{"name":"Checking if element is displayed Username","status":"passed","stage":"finished","steps":[],"attachments":[],"parameters":[],"start":1741194735569,"stop":1741194735569},{"name":"Element displayed status: true","status":"passed","stage":"finished","steps":[],"attachments":[],"parameters":[],"start":1741194735635,"stop":1741194735635},{"name":"Attempting to send keys to element : Username","status":"passed","stage":"finished","steps":[],"attachments":[],"parameters":[],"start":1741194735686,"stop":1741194735686},{"name":"Sent string keys: Admin to element : Username","status":"passed","stage":"finished","steps":[],"attachments":[],"parameters":[],"start":1741194735820,"stop":1741194735820},{"name":"Checking if element is displayed Password","status":"passed","stage":"finished","steps":[],"attachments":[],"parameters":[],"start":1741194735898,"stop":1741194735898},{"name":"Element displayed status: true","status":"passed","stage":"finished","steps":[],"attachments":[],"parameters":[],"start":1741194735926,"stop":1741194735926},{"name":"Checking if element is enabled Password","status":"passed","stage":"finished","steps":[],"attachments":[],"parameters":[],"start":1741194735977,"stop":1741194735977},{"name":"Element enabled status: true","status":"passed","stage":"finished","steps":[],"attachments":[],"parameters":[],"start":1741194735995,"stop":1741194735996},{"name":"Attempting to send keys to element : Password","status":"passed","stage":"finished","steps":[],"attachments":[],"parameters":[],"start":1741194736054,"stop":1741194736054},{"name":"Sent string keys: 475859@Vv to element : Password","status":"passed","stage":"finished","steps":[],"attachments":[],"parameters":[],"start":1741194736185,"stop":1741194736185},{"name":"Checking if element is displayed Login","status":"passed","stage":"finished","steps":[],"attachments":[],"parameters":[],"start":1741194736249,"stop":1741194736249},{"name":"Element displayed status: true","status":"passed","stage":"finished","steps":[],"attachments":[],"parameters":[],"start":1741194736278,"stop":1741194736278},{"name":"Checking if element is clickable Login","status":"passed","stage":"finished","steps":[],"attachments":[],"parameters":[],"start":1741194736315,"stop":1741194736315},{"name":"Element clickable status: true","status":"passed","stage":"finished","steps":[],"attachments":[],"parameters":[],"start":1741194736340,"stop":1741194736340},{"name":"Attempting to click element: Login","status":"passed","stage":"finished","steps":[],"attachments":[],"parameters":[],"start":1741194736378,"stop":1741194736378},{"name":"Clicked element: Login","status":"passed","stage":"finished","steps":[],"attachments":[],"parameters":[],"start":1741194736610,"stop":1741194736610}],"attachments":[],"parameters":[],"start":1741194725940,"stop":1741194763312}